2024-09-12 21:42:09,691 - INFO - Starting data download...
2024-09-12 21:42:17,471 - INFO - Cleaning data...
2024-09-12 21:42:17,482 - INFO - Calculating technical indicators...
2024-09-12 21:42:17,491 - INFO - Training model...
2024-09-12 21:42:34,496 - INFO - Making predictions...
2024-09-12 21:42:34,513 - INFO - Evaluating model...
2024-09-12 22:16:38,302 - INFO - Starting data download...
2024-09-12 22:16:40,137 - INFO - Cleaning data...
2024-09-12 22:16:40,143 - INFO - Calculating technical indicators...
2024-09-12 22:16:40,147 - INFO - Training model...
2024-09-12 22:16:56,530 - INFO - Making predictions...
2024-09-12 22:16:56,553 - INFO - Evaluating model...
2024-09-12 22:17:30,457 - INFO - Starting data download...
2024-09-12 22:17:32,077 - INFO - Cleaning data...
2024-09-12 22:17:32,083 - INFO - Calculating technical indicators...
2024-09-12 22:17:32,089 - INFO - Training model...
2024-09-12 22:18:11,852 - INFO - Making predictions...
2024-09-12 22:18:11,870 - INFO - Evaluating model...
2024-09-12 22:21:23,178 - INFO - Starting data download...
2024-09-12 22:21:24,519 - INFO - Cleaning data...
2024-09-12 22:21:24,526 - INFO - Calculating technical indicators...
2024-09-12 22:21:24,531 - INFO - Training model...
2024-09-12 22:22:01,855 - INFO - Making predictions...
2024-09-12 22:22:01,867 - INFO - Evaluating model...
2024-09-12 22:22:39,296 - INFO - Starting data download...
2024-09-12 22:22:41,444 - INFO - Cleaning data...
2024-09-12 22:22:41,458 - INFO - Calculating technical indicators...
2024-09-12 22:22:41,461 - INFO - Training model...
2024-09-12 22:24:10,606 - INFO - Making predictions...
2024-09-12 22:24:10,671 - INFO - Evaluating model...
2024-09-12 23:06:39,049 - INFO - Starting data download...
2024-09-12 23:06:40,228 - INFO - Cleaning data...
2024-09-12 23:06:40,240 - INFO - Calculating technical indicators...
2024-09-12 23:06:40,243 - INFO - Training model...
2024-09-12 23:07:33,894 - INFO - Making predictions...
2024-09-12 23:07:33,898 - INFO - Evaluating model...
2024-09-12 23:10:13,023 - INFO - Starting data download...
2024-09-12 23:10:14,274 - INFO - Cleaning data...
2024-09-12 23:10:14,286 - INFO - Calculating technical indicators...
2024-09-12 23:10:14,289 - INFO - Training model...
2024-09-12 23:11:25,832 - INFO - Starting data download...
2024-09-12 23:11:26,967 - INFO - Cleaning data...
2024-09-12 23:11:26,981 - INFO - Calculating technical indicators...
2024-09-12 23:11:26,985 - INFO - Training model...
2024-09-12 23:13:04,668 - INFO - Making predictions...
2024-09-12 23:13:04,751 - INFO - Evaluating model...
2024-09-12 23:13:28,255 - INFO - Starting data download...
2024-09-12 23:13:32,360 - INFO - Cleaning data...
2024-09-12 23:13:32,379 - INFO - Calculating technical indicators...
2024-09-12 23:13:32,384 - INFO - Training model...
2024-09-12 23:15:17,837 - INFO - Making predictions...
2024-09-12 23:15:17,908 - INFO - Evaluating model...
2024-09-12 23:16:23,667 - INFO - Starting data download...
2024-09-12 23:16:24,908 - INFO - Cleaning data...
2024-09-12 23:16:24,925 - INFO - Calculating technical indicators...
2024-09-12 23:16:24,929 - INFO - Training model...
2024-09-12 23:18:16,672 - INFO - Making predictions...
2024-09-12 23:18:16,754 - INFO - Evaluating model...
2024-09-14 11:07:45,070 - INFO - Starting data download...
2024-09-14 11:07:49,103 - INFO - Cleaning data...
2024-09-14 11:07:49,103 - INFO - Calculating technical indicators...
2024-09-14 11:07:49,106 - INFO - Training model...
2024-09-14 11:07:52,648 - INFO - Predicting future prices...
2024-09-14 11:07:55,935 - ERROR - Error occurred: The feature names should match those that were passed during fit.
Feature names unseen at fit time:
- Close

2024-09-14 11:34:35,084 - INFO - Starting data download...
2024-09-14 11:34:36,337 - INFO - Cleaning data...
2024-09-14 11:34:36,338 - INFO - Calculating technical indicators...
2024-09-14 11:34:36,343 - INFO - Training model...
2024-09-14 11:34:40,014 - INFO - Predicting future prices...
2024-09-14 11:34:55,449 - INFO - Predictions:    Day  Predicted_Close_Price    CI_Lower    CI_Upper
0    1             184.784362  184.784362  184.784362
1    2             191.175520  191.175520  191.175520
2    3             189.802862  189.802862  189.802862
3    4             189.185473  189.185473  189.185473
4    5             189.237533  189.237533  189.237533
2024-09-14 11:34:55,453 - INFO - Making trading decisions...
2024-09-14 11:40:27,888 - INFO - Starting data download...
2024-09-14 11:40:29,169 - INFO - Cleaning data...
2024-09-14 11:40:29,170 - INFO - Calculating technical indicators...
2024-09-14 11:40:29,172 - INFO - Training model...
2024-09-14 11:40:32,408 - INFO - Predicting future prices...
2024-09-14 11:40:46,458 - INFO - Predictions:    Day  Predicted_Close_Price  CI_Lower_95%  CI_Upper_95%  CI_Lower_90%  CI_Upper_90%  CI_Lower_80%  CI_Upper_80%
0    1             184.784362    184.784362    184.784362    184.784362    184.784362    184.784362    184.784362
1    2             191.175520    191.175520    191.175520    191.175520    191.175520    191.175520    191.175520
2    3             189.802862    189.802862    189.802862    189.802862    189.802862    189.802862    189.802862
3    4             189.185473    189.185473    189.185473    189.185473    189.185473    189.185473    189.185473
4    5             189.237533    189.237533    189.237533    189.237533    189.237533    189.237533    189.237533
2024-09-14 11:40:46,464 - INFO - Making trading decisions...
2024-09-15 12:06:09,095 - INFO - Starting data download...
2024-09-15 12:06:13,176 - INFO - Cleaning data...
2024-09-15 12:06:13,177 - INFO - Calculating technical indicators...
2024-09-15 12:06:13,181 - INFO - Training model...
2024-09-15 12:06:16,494 - INFO - Predicting future prices...
2024-09-15 12:06:31,160 - INFO - Predictions:    Day  Predicted_Close_Price  CI_Lower_95%  CI_Upper_95%  CI_Lower_90%  CI_Upper_90%  CI_Lower_80%  CI_Upper_80%
0    1             184.784362    184.768752    184.784362    184.768752    184.784362    184.768752    184.784362
1    2             191.175520    191.174660    191.191890    191.174700    191.191890    191.175438    191.191890
2    3             189.802862    189.799376    189.821792    189.802862    189.821792    189.802862    189.821792
3    4             189.185473    189.185473    189.195783    189.185473    189.195783    189.185473    189.195783
4    5             189.237533    189.237533    189.249313    189.237533    189.249313    189.237533    189.249313
2024-09-15 12:06:31,167 - INFO - Making trading decisions...
2024-09-15 12:09:36,420 - INFO - Starting data download...
2024-09-15 12:09:37,605 - INFO - Cleaning data...
2024-09-15 12:09:37,605 - INFO - Calculating technical indicators...
2024-09-15 12:09:37,607 - INFO - Training model...
2024-09-15 12:09:40,994 - INFO - Predicting future prices...
2024-09-15 12:09:55,871 - INFO - Predictions:    Day  Predicted_Close_Price  CI_Lower_95%  CI_Upper_95%  CI_Lower_90%  CI_Upper_90%  CI_Lower_80%  CI_Upper_80%
0    1             184.784362    184.768752    184.784362    184.768752    184.784362    184.768752    184.784362
1    2             191.175520    191.174660    191.191890    191.174660    191.191890    191.174700    191.191610
2    3             189.802862    189.802862    189.821792    189.802862    189.821792    189.802862    189.821792
3    4             189.185473    189.185473    189.195783    189.185473    189.195783    189.185473    189.195783
4    5             189.237533    189.237533    189.249313    189.237533    189.249313    189.237533    189.249313
2024-09-15 12:09:55,878 - INFO - Making trading decisions...
2024-09-15 12:15:29,231 - INFO - Starting data download...
2024-09-15 12:15:31,056 - INFO - Cleaning data...
2024-09-15 12:15:31,057 - INFO - Calculating technical indicators...
2024-09-15 12:15:31,059 - INFO - Training model...
2024-09-15 12:15:34,345 - INFO - Predicting future prices...
2024-09-15 12:15:34,374 - ERROR - Error occurred: 'Close'
2024-09-15 12:17:06,090 - INFO - Starting data download...
2024-09-15 12:17:07,335 - INFO - Cleaning data...
2024-09-15 12:17:07,336 - INFO - Calculating technical indicators...
2024-09-15 12:17:07,338 - INFO - Training model...
2024-09-15 12:17:10,715 - INFO - Predicting future prices...
2024-09-15 12:17:10,716 - ERROR - Error occurred: The feature names should match those that were passed during fit.
Feature names unseen at fit time:
- Close

2024-09-15 12:18:35,636 - INFO - Starting data download...
2024-09-15 12:18:41,045 - INFO - Cleaning data...
2024-09-15 12:18:41,046 - INFO - Calculating technical indicators...
2024-09-15 12:18:41,048 - INFO - Training model...
2024-09-15 12:18:44,455 - INFO - Predicting future prices...
2024-09-15 12:18:59,978 - INFO - Predictions:    Day  Predicted_Close_Price  CI_Lower_95%  CI_Upper_95%  CI_Lower_90%  CI_Upper_90%  CI_Lower_80%  CI_Upper_80%
0    1             184.784362    184.768752    184.784362    184.768752    184.784362    184.768752    184.784362
1    2             191.175520    191.174660    191.191890    191.174700    191.191890    191.175520    191.191890
2    3             189.802862    189.802862    189.821792    189.802862    189.821792    189.802862    189.821792
3    4             189.185473    189.185473    189.195783    189.185473    189.195783    189.185473    189.195783
4    5             189.237533    189.237533    189.249313    189.237533    189.249313    189.237533    189.249313
2024-09-15 12:18:59,984 - INFO - Making trading decisions...
2024-09-15 12:27:03,310 - INFO - Starting data download...
2024-09-15 12:27:04,540 - INFO - Cleaning data...
2024-09-15 12:27:04,541 - INFO - Calculating technical indicators...
2024-09-15 12:27:04,544 - INFO - Training model...
2024-09-15 12:27:08,768 - INFO - Predicting future prices...
2024-09-15 12:27:25,420 - INFO - Predictions:    Day  Predicted_Close_Price  CI_Lower_95%  CI_Upper_95%  CI_Lower_90%  CI_Upper_90%  CI_Lower_80%  CI_Upper_80%
0    1             191.848799     77.803343     77.803343     77.803343     77.803343     77.803343     77.803343
1    2             191.229461     77.803343     77.803343     77.803343     77.803343     77.803343     77.803343
2    3             191.366291     77.803343     77.803343     77.803343     77.803343     77.803343     77.803343
3    4             191.370311     77.803343     77.803343     77.803343     77.803343     77.803343     77.803343
4    5             191.370311     77.803343     77.803343     77.803343     77.803343     77.803343     77.803343
2024-09-15 12:27:25,426 - INFO - Making trading decisions...
2024-09-15 12:28:43,985 - INFO - Starting data download...
2024-09-15 12:28:46,883 - INFO - Cleaning data...
2024-09-15 12:28:46,884 - INFO - Calculating technical indicators...
2024-09-15 12:28:46,887 - INFO - Training model...
2024-09-15 12:28:50,704 - INFO - Predicting future prices...
2024-09-15 12:29:06,719 - INFO - Predictions:    Day  Predicted_Close_Price  CI_Lower_95%  CI_Upper_95%  CI_Lower_90%  CI_Upper_90%  CI_Lower_80%  CI_Upper_80%
0    1             191.848799     77.803343     77.803343     77.803343     77.803343     77.803343     77.803343
1    2             191.229461     77.803343     77.803343     77.803343     77.803343     77.803343     77.803343
2    3             191.366291     77.803343     77.803343     77.803343     77.803343     77.803343     77.803343
3    4             191.370311     77.803343     77.803343     77.803343     77.803343     77.803343     77.803343
4    5             191.370311     77.803343     77.803343     77.803343     77.803343     77.803343     77.803343
2024-09-15 12:29:06,728 - INFO - Making trading decisions...
2024-09-15 12:35:47,728 - INFO - Starting data download...
2024-09-15 12:35:49,042 - INFO - Cleaning data...
2024-09-15 12:35:49,043 - INFO - Calculating technical indicators...
2024-09-15 12:35:49,045 - INFO - Training model...
2024-09-15 12:35:52,992 - INFO - Predicting future prices...
2024-09-15 12:35:52,998 - ERROR - Error occurred: The feature names should match those that were passed during fit.
Feature names seen at fit time, yet now missing:
- Close

2024-09-15 12:36:52,679 - INFO - Starting data download...
2024-09-15 12:36:53,922 - INFO - Cleaning data...
2024-09-15 12:36:53,923 - INFO - Calculating technical indicators...
2024-09-15 12:36:53,926 - INFO - Training model...
2024-09-15 12:36:57,880 - INFO - Predicting future prices...
2024-09-15 12:37:11,917 - INFO - Predictions:    Day  Predicted_Close_Price  CI_Lower_95%  CI_Upper_95%  CI_Lower_90%  CI_Upper_90%  CI_Lower_80%  CI_Upper_80%
0    1             192.048049    188.326279    195.070357    189.415448    194.532014    190.068367    193.947148
1    2             191.624496    188.213529    195.672177    189.133903    194.496922    189.672341    193.668207
2    3             191.735304    188.767611    195.185133    188.906754    194.479061    189.691198    194.091530
3    4             191.601081    188.914481    194.837492    189.152233    194.479267    189.643041    193.812369
4    5             191.879692    188.160987    195.287470    188.562087    194.892790    189.565999    194.256814
2024-09-15 12:37:11,925 - INFO - Making trading decisions...
2024-09-15 12:45:24,635 - INFO - Starting data download...
2024-09-15 12:45:25,827 - INFO - Cleaning data...
2024-09-15 12:45:25,828 - INFO - Calculating technical indicators...
2024-09-15 12:45:25,831 - INFO - Training model...
2024-09-15 12:45:29,812 - INFO - Predicting future prices...
2024-09-15 12:45:44,206 - ERROR - Error occurred: 'DataFrame' object has no attribute 'append'
2024-09-15 12:48:45,053 - INFO - Starting data download...
2024-09-15 12:48:46,255 - INFO - Cleaning data...
2024-09-15 12:48:46,256 - INFO - Calculating technical indicators...
2024-09-15 12:48:46,258 - INFO - Training model...
2024-09-15 12:48:50,002 - INFO - Predicting future prices...
2024-09-15 12:49:03,986 - ERROR - Error occurred: DataFrame.__init__() got an unexpected keyword argument 'ignore_index'
2024-09-15 12:49:27,226 - INFO - Starting data download...
2024-09-15 12:49:28,827 - INFO - Cleaning data...
2024-09-15 12:49:28,828 - INFO - Calculating technical indicators...
2024-09-15 12:49:28,830 - INFO - Training model...
2024-09-15 12:49:32,734 - INFO - Predicting future prices...
2024-09-15 12:49:47,077 - ERROR - Error occurred: If using all scalar values, you must pass an index
2024-09-15 12:52:10,254 - INFO - Starting data download...
2024-09-15 12:52:11,379 - INFO - Cleaning data...
2024-09-15 12:52:11,380 - INFO - Calculating technical indicators...
2024-09-15 12:52:11,382 - INFO - Training model...
2024-09-15 12:52:15,398 - INFO - Predicting future prices...
2024-09-15 12:52:29,471 - INFO - Predictions:   Day  Predicted_Close_Price  CI_Lower_95%  CI_Upper_95%  CI_Lower_90%  CI_Upper_90%  CI_Lower_80%  CI_Upper_80%
0   5             191.612295    187.897663     195.25132    188.447274    194.595523    189.400439     193.92065
2024-09-15 12:52:29,477 - INFO - Making trading decisions...
2024-09-15 12:54:20,770 - INFO - Starting data download...
2024-09-15 12:54:21,964 - INFO - Cleaning data...
2024-09-15 12:54:21,965 - INFO - Calculating technical indicators...
2024-09-15 12:54:21,968 - INFO - Training model...
2024-09-15 12:54:25,818 - INFO - Predicting future prices...
2024-09-15 12:54:39,822 - INFO - Predictions:   Day  Predicted_Close_Price  CI_Lower_95%  CI_Upper_95%  CI_Lower_90%  CI_Upper_90%  CI_Lower_80%  CI_Upper_80%
0   5             191.854834    187.995658    194.937124    189.187458    194.711953    189.506748    193.996098
2024-09-15 12:54:39,827 - INFO - Making trading decisions...
2024-09-15 12:56:01,973 - INFO - Starting data download...
2024-09-15 12:56:03,764 - INFO - Cleaning data...
2024-09-15 12:56:03,765 - INFO - Calculating technical indicators...
2024-09-15 12:56:03,767 - INFO - Training model...
2024-09-15 12:56:07,564 - INFO - Predicting future prices...
2024-09-15 12:56:21,548 - INFO - Predictions:   Day  Predicted_Close_Price  CI_Lower_95%  CI_Upper_95%  CI_Lower_90%  CI_Upper_90%  CI_Lower_80%  CI_Upper_80%
0   1             191.650541    188.018125    194.765610    189.154557    194.400728    189.852059    193.849671
1   2             191.798065    188.357776    194.916843    188.901802    194.528518    189.624859    194.149478
2   3             192.014900    189.008968    194.790026    189.153536    194.326629    189.922514    193.991749
3   4             191.801337    188.776628    195.118934    189.017709    194.681735    189.651275    194.052944
4   5             191.871148    188.503753    195.698943    188.710481    194.585155    189.565984    194.262978
2024-09-15 12:56:21,555 - INFO - Making trading decisions...
2024-09-15 13:00:03,354 - INFO - Starting data download...
2024-09-15 13:00:04,532 - INFO - Cleaning data...
2024-09-15 13:00:04,533 - INFO - Calculating technical indicators...
2024-09-15 13:00:04,535 - INFO - Training model...
2024-09-15 13:00:08,537 - INFO - Predicting future prices...
2024-09-15 13:00:23,312 - INFO - Predictions:   Day  Predicted_Close_Price  CI_Lower_95%  CI_Upper_95%  CI_Lower_90%  CI_Upper_90%  CI_Lower_80%  CI_Upper_80%
0   1             191.864021    188.900800    195.160078    189.201770    194.499907    189.808509    193.859389
1   2             191.575566    188.964615    195.109793    189.461088    194.202928    189.858200    193.539380
2   3             191.700897    188.712234    194.455872    189.230651    194.123450    189.816012    193.870931
3   4             191.714866    188.177725    194.969469    188.583325    194.489852    189.419911    193.926443
4   5             191.907149    188.155319    194.807381    188.912953    194.667853    190.061681    194.008365
2024-09-15 13:00:23,318 - INFO - Making trading decisions...
2024-09-15 13:01:01,190 - INFO - Starting data download...
2024-09-15 13:01:02,342 - INFO - Cleaning data...
2024-09-15 13:01:02,343 - INFO - Calculating technical indicators...
2024-09-15 13:01:02,345 - INFO - Training model...
2024-09-15 13:01:05,059 - INFO - Predicting future prices...
2024-09-15 13:01:19,703 - INFO - Predictions:   Day  Predicted_Close_Price  CI_Lower_95%  CI_Upper_95%  CI_Lower_90%  CI_Upper_90%  CI_Lower_80%  CI_Upper_80%
0   1             191.676784    187.960672    194.825264    188.645223    194.495985    189.273478    193.447492
1   2             191.985510    189.203201    195.138335    190.035809    194.619400    190.307051    193.746250
2   3             191.936298    189.233039    196.299191    189.515847    195.650898    189.832532    193.862382
3   4             191.713746    188.583966    194.712506    188.942980    194.092253    189.733463    193.858696
4   5             192.394152    188.932800    196.209095    189.290944    194.942142    190.223014    194.297976
2024-09-15 13:01:19,710 - INFO - Making trading decisions...
2024-09-15 13:02:15,003 - INFO - Starting data download...
2024-09-15 13:02:16,356 - INFO - Cleaning data...
2024-09-15 13:02:16,357 - INFO - Calculating technical indicators...
2024-09-15 13:02:16,359 - INFO - Training model...
2024-09-15 13:02:19,030 - INFO - Predicting future prices...
2024-09-15 13:02:33,824 - INFO - Predictions:   Day  Predicted_Close_Price  CI_Lower_95%  CI_Upper_95%  CI_Lower_90%  CI_Upper_90%  CI_Lower_80%  CI_Upper_80%
0   1             191.938784    188.528826    194.902786    188.816888    194.618938    189.477962    194.237803
1   2             191.951685    188.464316    195.492504    188.913337    195.167834    189.760854    193.893801
2   3             191.893016    188.976758    195.417548    189.083067    194.812600    190.011409    193.858563
3   4             192.070008    189.123492    195.293139    189.541100    194.995191    189.897030    194.388734
4   5             191.876416    188.734755    195.364745    188.803878    194.789149    189.480621    194.190552
2024-09-15 13:02:33,832 - INFO - Making trading decisions...
2024-09-15 13:03:16,757 - INFO - Starting data download...
2024-09-15 13:03:18,086 - INFO - Cleaning data...
2024-09-15 13:03:18,087 - INFO - Calculating technical indicators...
2024-09-15 13:03:18,089 - INFO - Training model...
2024-09-15 13:03:20,760 - INFO - Predicting future prices...
2024-09-15 13:03:35,215 - INFO - Predictions:   Day  Predicted_Close_Price  CI_Lower_95%  CI_Upper_95%  CI_Lower_90%  CI_Upper_90%  CI_Lower_80%  CI_Upper_80%
0   1             191.626114    189.164390    194.857308    189.394456    194.761455    189.614356    193.976270
1   2             191.972817    188.736357    195.612454    189.052835    195.154221    189.489816    194.702791
2   3             192.130218    188.134691    195.852353    189.005697    195.316607    189.839815    194.326050
3   4             191.657617    188.810454    194.872075    189.350986    194.342845    189.585884    193.869900
4   5             191.922135    188.591649    194.804240    189.264240    194.623585    189.843613    194.352917
2024-09-15 13:03:35,225 - INFO - Making trading decisions...
